<?xml version="1.0" encoding="UTF-8"?>
<!-- Generated by org.testng.reporters.JUnitReportReporter -->
<testsuite hostname="LAPTOP-CG2R2184" failures="0" tests="8" name="tests.SnippetTest" time="1.353" errors="0" timestamp="2026-03-11T23:35:35 IST" skipped="0">
  <testcase classname="tests.SnippetTest" name="verifyPageLoads" time="0.019"/>
  <testcase classname="tests.SnippetTest" name="createSnippetTest" time="0.447"/>
  <testcase classname="tests.SnippetTest" name="goToSnippetsTab" time="0.103"/>
  <testcase classname="tests.SnippetTest" name="searchSnippetTest" time="0.222"/>
  <testcase classname="tests.SnippetTest" name="editSnippetTest" time="0.322"/>
  <testcase classname="tests.SnippetTest" name="viewSnippetTest" time="0.105"/>
  <testcase classname="tests.SnippetTest" name="copySnippetTest" time="0.065"/>
  <testcase classname="tests.SnippetTest" name="deleteSnippetTest" time="0.070"/>
</testsuite> <!-- tests.SnippetTest -->
