<?xml version="1.0" encoding="UTF-8"?>
<testsuite xmlns:xsi="http://www.w3.org/2001/XMLSchema-instance" xsi:noNamespaceSchemaLocation="https://maven.apache.org/surefire/maven-surefire-plugin/xsd/surefire-test-report.xsd" version="3.0.2" name="TestSuite" time="3.93" tests="8" errors="0" skipped="0" failures="0">
  <properties>
[...]
</properties>
  <testcase name="verifyPageLoads" classname="tests.SnippetTest" time="0.019">
    <system-err><![CDATA[SLF4J: Failed to load class "org.slf4j.impl.StaticLoggerBinder".
SLF4J: Defaulting to no-operation (NOP) logger implementation
SLF4J: See http://www.slf4j.org/codes.html#StaticLoggerBinder for further details.
Mar 11, 2026 11:35:32 PM org.openqa.selenium.manager.SeleniumManager lambda$runCommand$1
WARNING: There was an error managing msedgedriver (error sending request for url (https://msedgedriver.azureedge.net/LATEST_RELEASE_139_WINDOWS)); using driver found in the cache
Mar 11, 2026 11:35:33 PM org.openqa.selenium.devtools.CdpVersionFinder findNearestMatch
WARNING: Unable to find CDP implementation matching 139
Mar 11, 2026 11:35:33 PM org.openqa.selenium.chromium.ChromiumDriver lambda$new$5
WARNING: Unable to find version of CDP to use for 139.0.3405.125. You may need to include a dependency on a specific version of the CDP using something similar to `org.seleniumhq.selenium:selenium-devtools-v86:4.20.0` where the version ("v86") matches the version of the chromium-based browser you're using and the version number of the artifact is the same as Selenium's.
]]></system-err>
  </testcase>
  <testcase name="createSnippetTest" classname="tests.SnippetTest" time="0.447"/>
  <testcase name="goToSnippetsTab" classname="tests.SnippetTest" time="0.102"/>
  <testcase name="searchSnippetTest" classname="tests.SnippetTest" time="0.223"/>
  <testcase name="editSnippetTest" classname="tests.SnippetTest" time="0.323"/>
  <testcase name="viewSnippetTest" classname="tests.SnippetTest" time="0.105"/>
  <testcase name="copySnippetTest" classname="tests.SnippetTest" time="0.065"/>
  <testcase name="deleteSnippetTest" classname="tests.SnippetTest" time="0.07"/>
</testsuite>