<?xml version="1.0" encoding="UTF-8"?>
<testng-results ignored="0" total="8" passed="8" failed="0" skipped="0">
  <reporter-output>
  </reporter-output>
  <suite started-at="2026-03-11T23:35:32 IST" name="Surefire suite" finished-at="2026-03-11T23:35:35 IST" duration-ms="3537">
    <groups>
    </groups>
    <test started-at="2026-03-11T23:35:32 IST" name="Surefire test" finished-at="2026-03-11T23:35:35 IST" duration-ms="3537">
      <class name="tests.SnippetTest">
        <test-method is-config="true" signature="setup()[pri:0, instance:tests.SnippetTest@794cb805]" started-at="2026-03-11T23:35:32 IST" name="setup" finished-at="2026-03-11T23:35:34 IST" duration-ms="1975" status="PASS">
          <reporter-output>
          </reporter-output>
        </test-method> <!-- setup -->
        <test-method is-config="true" signature="initPage()[pri:0, instance:tests.SnippetTest@794cb805]" started-at="2026-03-11T23:35:34 IST" name="initPage" finished-at="2026-03-11T23:35:34 IST" duration-ms="2" status="PASS">
          <reporter-output>
          </reporter-output>
        </test-method> <!-- initPage -->
        <test-method signature="verifyPageLoads()[pri:1, instance:tests.SnippetTest@794cb805]" started-at="2026-03-11T23:35:34 IST" name="verifyPageLoads" finished-at="2026-03-11T23:35:34 IST" duration-ms="19" status="PASS">
          <reporter-output>
          </reporter-output>
        </test-method> <!-- verifyPageLoads -->
        <test-method signature="createSnippetTest()[pri:2, instance:tests.SnippetTest@794cb805]" started-at="2026-03-11T23:35:34 IST" name="createSnippetTest" finished-at="2026-03-11T23:35:34 IST" duration-ms="447" status="PASS">
          <reporter-output>
          </reporter-output>
        </test-method> <!-- createSnippetTest -->
        <test-method signature="goToSnippetsTab()[pri:3, instance:tests.SnippetTest@794cb805]" started-at="2026-03-11T23:35:34 IST" name="goToSnippetsTab" finished-at="2026-03-11T23:35:34 IST" duration-ms="103" status="PASS">
          <reporter-output>
          </reporter-output>
        </test-method> <!-- goToSnippetsTab -->
        <test-method signature="searchSnippetTest()[pri:4, instance:tests.SnippetTest@794cb805]" started-at="2026-03-11T23:35:34 IST" name="searchSnippetTest" finished-at="2026-03-11T23:35:34 IST" duration-ms="222" status="PASS">
          <reporter-output>
          </reporter-output>
        </test-method> <!-- searchSnippetTest -->
        <test-method signature="editSnippetTest()[pri:5, instance:tests.SnippetTest@794cb805]" started-at="2026-03-11T23:35:34 IST" name="editSnippetTest" finished-at="2026-03-11T23:35:35 IST" duration-ms="322" status="PASS">
          <reporter-output>
          </reporter-output>
        </test-method> <!-- editSnippetTest -->
        <test-method signature="viewSnippetTest()[pri:6, instance:tests.SnippetTest@794cb805]" started-at="2026-03-11T23:35:35 IST" name="viewSnippetTest" finished-at="2026-03-11T23:35:35 IST" duration-ms="105" status="PASS">
          <reporter-output>
          </reporter-output>
        </test-method> <!-- viewSnippetTest -->
        <test-method signature="copySnippetTest()[pri:7, instance:tests.SnippetTest@794cb805]" started-at="2026-03-11T23:35:35 IST" name="copySnippetTest" finished-at="2026-03-11T23:35:35 IST" duration-ms="65" status="PASS">
          <reporter-output>
          </reporter-output>
        </test-method> <!-- copySnippetTest -->
        <test-method signature="deleteSnippetTest()[pri:8, instance:tests.SnippetTest@794cb805]" started-at="2026-03-11T23:35:35 IST" name="deleteSnippetTest" finished-at="2026-03-11T23:35:35 IST" duration-ms="70" status="PASS">
          <reporter-output>
          </reporter-output>
        </test-method> <!-- deleteSnippetTest -->
        <test-method is-config="true" signature="tearDown()[pri:0, instance:tests.SnippetTest@794cb805]" started-at="2026-03-11T23:35:35 IST" name="tearDown" finished-at="2026-03-11T23:35:35 IST" duration-ms="169" status="PASS">
          <reporter-output>
          </reporter-output>
        </test-method> <!-- tearDown -->
      </class> <!-- tests.SnippetTest -->
    </test> <!-- Surefire test -->
  </suite> <!-- Surefire suite -->
</testng-results>
